2025-07-11 06:52:30,651 - ERROR - Error initializing database: 2003 (HY000): Can't connect to MySQL server on 'db:3306' (111)
2025-07-11 06:59:58,034 - INFO - Database initialized successfully
2025-07-11 06:59:58,533 - INFO - Database initialized successfully
2025-07-11 07:05:40,816 - INFO - Database initialized successfully
2025-07-11 07:05:41,390 - INFO - Database initialized successfully
2025-07-11 07:07:19,535 - INFO - Database initialized successfully
2025-07-11 07:07:20,017 - INFO - Database initialized successfully
2025-07-11 07:10:16,082 - INFO - Database initialized successfully
2025-07-11 07:10:16,570 - INFO - Database initialized successfully
2025-07-11 07:11:00,070 - INFO - Database initialized successfully
2025-07-11 07:11:00,544 - INFO - Database initialized successfully
2025-07-11 07:11:14,441 - ERROR - user_info Token expired
2025-07-11 07:11:22,103 - ERROR - Login failed
2025-07-11 07:11:22,104 - WARNING - [LOGIN] Invalid credentials for phuctnh
2025-07-11 07:30:58,042 - INFO - Database initialized successfully
2025-07-11 07:30:58,585 - INFO - Database initialized successfully
2025-07-11 07:34:28,692 - ERROR - Error initializing database: 2003 (HY000): Can't connect to MySQL server on 'db:3306' (111)
2025-07-11 07:35:17,890 - INFO - Database initialized successfully
2025-07-11 07:35:18,434 - INFO - Database initialized successfully
2025-07-13 13:50:25,543 - ERROR - Error initializing database: 2005 (HY000): Unknown MySQL server host 'db' (11001)
2025-07-13 14:05:49,633 - INFO - [WS-CONNECT] New WebSocket connection
2025-07-13 14:05:49,635 - INFO - [WS-HEARTBEAT] Received from device: raspberry-01
2025-07-13 14:05:49,636 - WARNING - [WS-ERROR] 'AppLogger' object is not callable
2025-07-13 14:09:49,578 - INFO - [WS-CONNECT] New WebSocket connection
2025-07-13 14:09:49,579 - INFO - [WS-HEARTBEAT] Received from device: raspberry-01
2025-07-13 14:09:49,580 - WARNING - [WS-ERROR] 'AppLogger' object is not callable
2025-07-13 14:15:00,722 - INFO - [WS-CONNECT] New WebSocket connection
2025-07-13 14:15:00,723 - INFO - [WS-HEARTBEAT] Received from device: raspberry-01
2025-07-13 14:15:00,724 - WARNING - [WS-ERROR] 'AppLogger' object is not callable
2025-07-13 14:19:22,423 - INFO - [WS-CONNECT] New WebSocket connection
2025-07-13 14:19:22,423 - INFO - [WS-HEARTBEAT] Received from device: raspberry-01
2025-07-13 14:19:22,424 - WARNING - [WS-ERROR] 'AppLogger' object is not callable
2025-07-13 14:22:52,129 - INFO - [WS-CONNECT] New WebSocket connection
2025-07-13 14:22:52,129 - INFO - [WS-HEARTBEAT] Received from device: raspberry-01
2025-07-13 14:22:52,130 - ERROR - Upsert Device Error: 3 values for 2 columns
2025-07-13 14:23:07,145 - INFO - [WS-HEARTBEAT] Received from device: raspberry-01
2025-07-13 14:23:07,146 - ERROR - Upsert Device Error: 3 values for 2 columns
2025-07-13 14:23:22,148 - INFO - [WS-HEARTBEAT] Received from device: raspberry-01
2025-07-13 14:23:22,149 - ERROR - Upsert Device Error: 3 values for 2 columns
2025-07-13 14:23:37,157 - INFO - [WS-HEARTBEAT] Received from device: raspberry-01
2025-07-13 14:23:37,159 - ERROR - Upsert Device Error: 3 values for 2 columns
2025-07-13 14:24:25,533 - INFO - [WS-CONNECT] New WebSocket connection
2025-07-13 14:24:25,534 - INFO - [WS-HEARTBEAT] Received from device: raspberry-01
2025-07-13 14:24:40,538 - INFO - [WS-HEARTBEAT] Received from device: raspberry-01
2025-07-13 14:24:55,549 - INFO - [WS-HEARTBEAT] Received from device: raspberry-01
2025-07-13 14:25:10,553 - INFO - [WS-HEARTBEAT] Received from device: raspberry-01
2025-07-13 14:25:25,556 - INFO - [WS-HEARTBEAT] Received from device: raspberry-01
2025-07-13 14:25:40,561 - INFO - [WS-HEARTBEAT] Received from device: raspberry-01
2025-07-13 14:25:55,572 - INFO - [WS-HEARTBEAT] Received from device: raspberry-01
2025-07-13 14:26:10,574 - INFO - [WS-HEARTBEAT] Received from device: raspberry-01
2025-07-13 14:26:40,821 - INFO - [WS-CONNECT] New WebSocket connection
2025-07-13 14:26:40,822 - INFO - [WS-HEARTBEAT] Received from device: raspberry-01
2025-07-13 14:26:49,488 - ERROR - Login failed
2025-07-13 14:26:49,489 - WARNING - [LOGIN] Invalid credentials for phuctnh
2025-07-13 14:26:52,041 - ERROR - Login failed
2025-07-13 14:26:52,041 - WARNING - [LOGIN] Invalid credentials for phuctnh
2025-07-13 14:26:55,832 - INFO - [WS-HEARTBEAT] Received from device: raspberry-01
2025-07-13 14:26:57,267 - ERROR - Login failed
2025-07-13 14:26:57,267 - WARNING - [LOGIN] Invalid credentials for phuctnh
2025-07-13 14:27:10,846 - INFO - [WS-HEARTBEAT] Received from device: raspberry-01
2025-07-13 14:27:25,857 - INFO - [WS-HEARTBEAT] Received from device: raspberry-01
2025-07-13 14:27:32,116 - ERROR - Forget Password user not found
2025-07-13 14:27:32,117 - INFO - [FORGET_PASSWORD] Email: kingherotd@gmail.com - Result: 1201
2025-07-13 14:27:40,860 - INFO - [WS-HEARTBEAT] Received from device: raspberry-01
2025-07-13 14:27:55,864 - INFO - [WS-HEARTBEAT] Received from device: raspberry-01
2025-07-13 14:28:10,868 - INFO - [WS-HEARTBEAT] Received from device: raspberry-01
2025-07-13 14:28:25,873 - INFO - [WS-HEARTBEAT] Received from device: raspberry-01
2025-07-13 14:28:35,803 - INFO - [REGISTER] Attempt: phuctnh - Result: 0
2025-07-13 14:28:40,886 - INFO - [WS-HEARTBEAT] Received from device: raspberry-01
2025-07-13 14:28:41,573 - INFO - [LOGIN] phuctnh logged in successfully.
2025-07-13 14:28:43,927 - INFO - [DEVICE_STATUS] Device raspberry-01 online: True
2025-07-13 14:28:43,983 - INFO - [DEVICE_STATUS] Device raspberry-01 online: True
2025-07-13 14:28:43,993 - INFO - [DEVICE_STATUS] Device raspberry-01 online: True
2025-07-13 14:28:46,998 - INFO - [DEVICE_STATUS] Device raspberry-01 online: True
2025-07-13 14:28:49,996 - INFO - [DEVICE_STATUS] Device raspberry-01 online: True
2025-07-13 14:28:52,994 - INFO - [DEVICE_STATUS] Device raspberry-01 online: True
2025-07-13 14:28:53,628 - INFO - [WS-CONNECT] New WebSocket connection
2025-07-13 14:28:55,896 - INFO - [WS-HEARTBEAT] Received from device: raspberry-01
2025-07-13 14:28:55,996 - INFO - [DEVICE_STATUS] Device raspberry-01 online: True
2025-07-13 14:28:58,995 - INFO - [DEVICE_STATUS] Device raspberry-01 online: True
2025-07-13 14:29:01,995 - INFO - [DEVICE_STATUS] Device raspberry-01 online: True
2025-07-13 14:29:04,994 - INFO - [DEVICE_STATUS] Device raspberry-01 online: True
2025-07-13 14:29:07,994 - INFO - [DEVICE_STATUS] Device raspberry-01 online: True
2025-07-13 14:29:10,906 - INFO - [WS-HEARTBEAT] Received from device: raspberry-01
2025-07-13 14:29:11,006 - INFO - [DEVICE_STATUS] Device raspberry-01 online: True
2025-07-13 14:29:13,993 - INFO - [DEVICE_STATUS] Device raspberry-01 online: True
2025-07-13 14:29:17,006 - INFO - [DEVICE_STATUS] Device raspberry-01 online: True
2025-07-13 14:29:19,997 - INFO - [DEVICE_STATUS] Device raspberry-01 online: True
2025-07-13 14:29:23,705 - INFO - [DEVICE_STATUS] Device raspberry-01 online: True
2025-07-13 14:29:25,907 - INFO - [WS-HEARTBEAT] Received from device: raspberry-01
2025-07-13 14:29:26,703 - INFO - [DEVICE_STATUS] Device raspberry-01 online: True
2025-07-13 14:29:29,708 - INFO - [DEVICE_STATUS] Device raspberry-01 online: True
2025-07-13 14:29:32,706 - INFO - [DEVICE_STATUS] Device raspberry-01 online: True
2025-07-13 14:29:35,709 - INFO - [DEVICE_STATUS] Device raspberry-01 online: True
2025-07-13 14:29:38,703 - INFO - [DEVICE_STATUS] Device raspberry-01 online: True
2025-07-13 14:29:40,915 - INFO - [WS-HEARTBEAT] Received from device: raspberry-01
2025-07-13 14:29:41,706 - INFO - [DEVICE_STATUS] Device raspberry-01 online: True
2025-07-13 14:29:44,708 - INFO - [DEVICE_STATUS] Device raspberry-01 online: True
2025-07-13 14:29:47,707 - INFO - [DEVICE_STATUS] Device raspberry-01 online: True
2025-07-13 14:29:50,707 - INFO - [DEVICE_STATUS] Device raspberry-01 online: True
2025-07-13 14:29:53,708 - INFO - [DEVICE_STATUS] Device raspberry-01 online: True
2025-07-13 14:29:55,927 - INFO - [WS-HEARTBEAT] Received from device: raspberry-01
2025-07-13 14:29:56,713 - INFO - [DEVICE_STATUS] Device raspberry-01 online: True
2025-07-13 14:29:59,714 - INFO - [DEVICE_STATUS] Device raspberry-01 online: True
2025-07-13 14:30:02,711 - INFO - [DEVICE_STATUS] Device raspberry-01 online: True
2025-07-13 14:30:05,713 - INFO - [DEVICE_STATUS] Device raspberry-01 online: True
2025-07-13 14:30:08,715 - INFO - [DEVICE_STATUS] Device raspberry-01 online: True
2025-07-13 14:30:10,929 - INFO - [WS-HEARTBEAT] Received from device: raspberry-01
2025-07-13 14:30:11,710 - INFO - [DEVICE_STATUS] Device raspberry-01 online: True
2025-07-13 14:30:14,716 - INFO - [DEVICE_STATUS] Device raspberry-01 online: True
2025-07-13 14:30:17,701 - INFO - [DEVICE_STATUS] Device raspberry-01 online: True
2025-07-13 14:30:20,707 - INFO - [DEVICE_STATUS] Device raspberry-01 online: True
2025-07-13 14:30:23,703 - INFO - [DEVICE_STATUS] Device raspberry-01 online: True
2025-07-13 14:30:25,936 - INFO - [WS-HEARTBEAT] Received from device: raspberry-01
2025-07-13 14:30:26,710 - INFO - [DEVICE_STATUS] Device raspberry-01 online: True
2025-07-13 14:30:29,704 - INFO - [DEVICE_STATUS] Device raspberry-01 online: True
2025-07-13 14:30:32,703 - INFO - [DEVICE_STATUS] Device raspberry-01 online: True
2025-07-13 14:30:35,723 - INFO - [DEVICE_STATUS] Device raspberry-01 online: True
2025-07-13 14:30:38,713 - INFO - [DEVICE_STATUS] Device raspberry-01 online: True
2025-07-13 14:30:40,943 - INFO - [WS-HEARTBEAT] Received from device: raspberry-01
2025-07-13 14:30:41,701 - INFO - [DEVICE_STATUS] Device raspberry-01 online: True
2025-07-13 14:30:44,702 - INFO - [DEVICE_STATUS] Device raspberry-01 online: True
2025-07-13 14:30:47,709 - INFO - [DEVICE_STATUS] Device raspberry-01 online: True
2025-07-13 14:30:50,709 - INFO - [DEVICE_STATUS] Device raspberry-01 online: True
2025-07-13 14:30:53,713 - INFO - [DEVICE_STATUS] Device raspberry-01 online: True
2025-07-13 14:30:55,945 - INFO - [WS-HEARTBEAT] Received from device: raspberry-01
2025-07-13 14:30:56,709 - INFO - [DEVICE_STATUS] Device raspberry-01 online: True
2025-07-13 14:30:59,701 - INFO - [DEVICE_STATUS] Device raspberry-01 online: True
2025-07-13 14:31:02,713 - INFO - [DEVICE_STATUS] Device raspberry-01 online: True
2025-07-13 14:31:05,711 - INFO - [DEVICE_STATUS] Device raspberry-01 online: True
2025-07-13 14:31:10,955 - INFO - [WS-HEARTBEAT] Received from device: raspberry-01
2025-07-13 14:31:11,706 - INFO - [DEVICE_STATUS] Device raspberry-01 online: True
2025-07-13 14:31:25,969 - INFO - [WS-HEARTBEAT] Received from device: raspberry-01
2025-07-13 14:31:40,982 - INFO - [WS-HEARTBEAT] Received from device: raspberry-01
2025-07-13 14:31:53,249 - INFO - [WS-CONNECT] New WebSocket connection
2025-07-13 14:31:53,250 - INFO - [WS-HEARTBEAT] Received from device: raspberry-01
2025-07-13 14:31:59,011 - INFO - [DEVICE_STATUS] Device raspberry-01 online: True
2025-07-13 14:31:59,731 - INFO - [DEVICE_STATUS] Device raspberry-01 online: True
2025-07-13 14:31:59,782 - INFO - [DEVICE_STATUS] Device raspberry-01 online: True
2025-07-13 14:31:59,798 - INFO - [DEVICE_STATUS] Device raspberry-01 online: True
2025-07-13 14:32:01,016 - INFO - [WS-CONNECT] New WebSocket connection
2025-07-13 14:32:02,802 - INFO - [DEVICE_STATUS] Device raspberry-01 online: True
2025-07-13 14:32:06,705 - INFO - [DEVICE_STATUS] Device raspberry-01 online: True
2025-07-13 14:32:08,255 - INFO - [WS-HEARTBEAT] Received from device: raspberry-01
2025-07-13 14:32:08,804 - INFO - [DEVICE_STATUS] Device raspberry-01 online: True
2025-07-13 14:32:11,802 - INFO - [DEVICE_STATUS] Device raspberry-01 online: True
2025-07-13 14:32:14,796 - INFO - [DEVICE_STATUS] Device raspberry-01 online: True
2025-07-13 14:32:17,800 - INFO - [DEVICE_STATUS] Device raspberry-01 online: True
2025-07-13 14:32:20,807 - INFO - [DEVICE_STATUS] Device raspberry-01 online: True
2025-07-13 14:32:23,257 - INFO - [WS-HEARTBEAT] Received from device: raspberry-01
2025-07-13 14:32:24,169 - INFO - [DEVICE_STATUS] Device raspberry-01 online: True
2025-07-13 14:32:26,801 - INFO - [DEVICE_STATUS] Device raspberry-01 online: True
2025-07-13 14:32:29,796 - INFO - [DEVICE_STATUS] Device raspberry-01 online: True
2025-07-13 14:32:32,801 - INFO - [DEVICE_STATUS] Device raspberry-01 online: True
2025-07-13 14:32:35,808 - INFO - [DEVICE_STATUS] Device raspberry-01 online: True
2025-07-13 14:32:38,271 - INFO - [WS-HEARTBEAT] Received from device: raspberry-01
2025-07-13 14:32:38,813 - INFO - [DEVICE_STATUS] Device raspberry-01 online: True
2025-07-13 14:32:41,808 - INFO - [DEVICE_STATUS] Device raspberry-01 online: True
2025-07-13 14:32:44,802 - INFO - [DEVICE_STATUS] Device raspberry-01 online: True
2025-07-13 14:32:47,798 - INFO - [DEVICE_STATUS] Device raspberry-01 online: True
2025-07-13 14:32:50,797 - INFO - [DEVICE_STATUS] Device raspberry-01 online: True
2025-07-13 14:32:53,283 - INFO - [WS-HEARTBEAT] Received from device: raspberry-01
2025-07-13 14:32:53,816 - INFO - [DEVICE_STATUS] Device raspberry-01 online: True
2025-07-13 14:32:56,800 - INFO - [DEVICE_STATUS] Device raspberry-01 online: True
2025-07-13 14:33:00,711 - INFO - [DEVICE_STATUS] Device raspberry-01 online: True
2025-07-13 14:33:03,704 - INFO - [DEVICE_STATUS] Device raspberry-01 online: True
2025-07-13 14:33:06,705 - INFO - [DEVICE_STATUS] Device raspberry-01 online: True
2025-07-13 14:33:08,290 - INFO - [WS-HEARTBEAT] Received from device: raspberry-01
2025-07-13 14:33:09,701 - INFO - [DEVICE_STATUS] Device raspberry-01 online: True
2025-07-13 14:33:12,714 - INFO - [DEVICE_STATUS] Device raspberry-01 online: True
2025-07-13 14:33:15,706 - INFO - [DEVICE_STATUS] Device raspberry-01 online: True
2025-07-13 14:33:18,702 - INFO - [DEVICE_STATUS] Device raspberry-01 online: True
2025-07-13 14:33:21,704 - INFO - [DEVICE_STATUS] Device raspberry-01 online: True
2025-07-13 14:33:23,295 - INFO - [WS-HEARTBEAT] Received from device: raspberry-01
2025-07-13 14:33:24,712 - INFO - [DEVICE_STATUS] Device raspberry-01 online: True
2025-07-13 14:33:27,712 - INFO - [DEVICE_STATUS] Device raspberry-01 online: True
2025-07-13 14:33:30,713 - INFO - [DEVICE_STATUS] Device raspberry-01 online: True
2025-07-13 14:33:33,713 - INFO - [DEVICE_STATUS] Device raspberry-01 online: True
2025-07-13 14:33:36,701 - INFO - [DEVICE_STATUS] Device raspberry-01 online: True
2025-07-13 14:33:38,303 - INFO - [WS-HEARTBEAT] Received from device: raspberry-01
2025-07-13 14:33:39,707 - INFO - [DEVICE_STATUS] Device raspberry-01 online: True
2025-07-13 14:33:42,701 - INFO - [DEVICE_STATUS] Device raspberry-01 online: True
2025-07-13 14:33:45,701 - INFO - [DEVICE_STATUS] Device raspberry-01 online: True
2025-07-13 14:33:48,714 - INFO - [DEVICE_STATUS] Device raspberry-01 online: True
2025-07-13 14:33:51,706 - INFO - [DEVICE_STATUS] Device raspberry-01 online: True
2025-07-13 14:33:53,311 - INFO - [WS-HEARTBEAT] Received from device: raspberry-01
2025-07-13 14:33:54,718 - INFO - [DEVICE_STATUS] Device raspberry-01 online: True
2025-07-13 14:33:57,713 - INFO - [DEVICE_STATUS] Device raspberry-01 online: True
2025-07-13 14:34:08,327 - INFO - [WS-HEARTBEAT] Received from device: raspberry-01
2025-07-13 14:34:11,711 - INFO - [DEVICE_STATUS] Device raspberry-01 online: True
2025-07-13 14:34:23,341 - INFO - [WS-HEARTBEAT] Received from device: raspberry-01
2025-07-13 14:34:38,348 - INFO - [WS-HEARTBEAT] Received from device: raspberry-01
2025-07-13 14:34:53,360 - INFO - [WS-HEARTBEAT] Received from device: raspberry-01
2025-07-13 14:35:11,968 - INFO - [DEVICE_STATUS] Device raspberry-01 online: True
2025-07-13 14:35:13,034 - INFO - [WS-CONNECT] New WebSocket connection
2025-07-13 14:35:13,035 - INFO - [WS-HEARTBEAT] Received from device: raspberry-01
2025-07-13 14:35:15,254 - INFO - [DEVICE_STATUS] Device raspberry-01 online: True
2025-07-13 14:35:16,236 - INFO - [DEVICE_STATUS] Device raspberry-01 online: True
2025-07-13 14:35:16,281 - INFO - [DEVICE_STATUS] Device raspberry-01 online: True
2025-07-13 14:35:16,294 - INFO - [DEVICE_STATUS] Device raspberry-01 online: True
2025-07-13 14:35:17,456 - INFO - [WS-CONNECT] New WebSocket connection
2025-07-13 14:35:19,297 - INFO - [DEVICE_STATUS] Device raspberry-01 online: True
2025-07-13 14:35:22,297 - INFO - [DEVICE_STATUS] Device raspberry-01 online: True
2025-07-13 14:35:25,294 - INFO - [DEVICE_STATUS] Device raspberry-01 online: True
2025-07-13 14:35:28,152 - INFO - {
  "device_id": "raspberry-01",
  "timestamp": 1752392128.0188324,
  "values": {
    "temperature": 23.5,
    "humidity": 58.2
  }
}
2025-07-13 14:35:28,153 - INFO - [WS-HEARTBEAT] Received from device: raspberry-01
2025-07-13 14:35:28,294 - INFO - [DEVICE_STATUS] Device raspberry-01 online: True
2025-07-13 14:35:31,298 - INFO - [DEVICE_STATUS] Device raspberry-01 online: True
2025-07-13 14:35:34,300 - INFO - [DEVICE_STATUS] Device raspberry-01 online: True
2025-07-13 14:35:37,709 - INFO - [DEVICE_STATUS] Device raspberry-01 online: True
2025-07-13 14:35:40,708 - INFO - [DEVICE_STATUS] Device raspberry-01 online: True
2025-07-13 14:35:43,047 - INFO - [WS-HEARTBEAT] Received from device: raspberry-01
2025-07-13 14:35:43,704 - INFO - [DEVICE_STATUS] Device raspberry-01 online: True
2025-07-13 14:35:46,703 - INFO - [DEVICE_STATUS] Device raspberry-01 online: True
2025-07-13 14:35:49,712 - INFO - [DEVICE_STATUS] Device raspberry-01 online: True
2025-07-13 14:35:52,714 - INFO - [DEVICE_STATUS] Device raspberry-01 online: True
2025-07-13 14:35:55,704 - INFO - [DEVICE_STATUS] Device raspberry-01 online: True
2025-07-13 14:35:58,051 - INFO - [WS-HEARTBEAT] Received from device: raspberry-01
2025-07-13 14:35:58,710 - INFO - [DEVICE_STATUS] Device raspberry-01 online: True
2025-07-13 14:36:01,708 - INFO - [DEVICE_STATUS] Device raspberry-01 online: True
2025-07-13 14:36:04,700 - INFO - [DEVICE_STATUS] Device raspberry-01 online: True
2025-07-13 14:36:07,707 - INFO - [DEVICE_STATUS] Device raspberry-01 online: True
2025-07-13 14:36:10,706 - INFO - [DEVICE_STATUS] Device raspberry-01 online: True
2025-07-13 14:36:13,061 - INFO - [WS-HEARTBEAT] Received from device: raspberry-01
2025-07-13 14:36:13,706 - INFO - [DEVICE_STATUS] Device raspberry-01 online: True
2025-07-13 14:36:16,702 - INFO - [DEVICE_STATUS] Device raspberry-01 online: True
2025-07-13 14:36:19,711 - INFO - [DEVICE_STATUS] Device raspberry-01 online: True
2025-07-13 14:36:22,703 - INFO - [DEVICE_STATUS] Device raspberry-01 online: True
2025-07-13 14:36:25,713 - INFO - [DEVICE_STATUS] Device raspberry-01 online: True
2025-07-13 14:36:28,068 - INFO - [WS-HEARTBEAT] Received from device: raspberry-01
2025-07-13 14:36:28,711 - INFO - [DEVICE_STATUS] Device raspberry-01 online: True
2025-07-13 14:36:31,713 - INFO - [DEVICE_STATUS] Device raspberry-01 online: True
2025-07-13 14:36:34,711 - INFO - [DEVICE_STATUS] Device raspberry-01 online: True
2025-07-13 14:36:37,701 - INFO - [DEVICE_STATUS] Device raspberry-01 online: True
2025-07-13 14:36:40,712 - INFO - [DEVICE_STATUS] Device raspberry-01 online: True
2025-07-13 14:36:43,073 - INFO - [WS-HEARTBEAT] Received from device: raspberry-01
2025-07-13 14:36:43,705 - INFO - [DEVICE_STATUS] Device raspberry-01 online: True
